Build started 5/13/2018 3:51:43 PM.
     1>Project "C:\Users\Rukhsana\Desktop\ood project\project\project\project.vcxproj" on node 2 (Build target(s)).
     1>ClCompile:
         C:\Program Files (x86)\Microsoft Visual Studio 12.0\VC\bin\CL.exe /c /ZI /nologo /W3 /WX- /sdl /Od /Oy- /D WIN32 /D _DEBUG /D _CONSOLE /D _LIB /D _UNICODE /D UNICODE /Gm /EHsc /RTC1 /MDd /GS /fp:precise /Zc:wchar_t /Zc:forScope /Fo"Debug\\" /Fd"Debug\vc120.pdb" /Gd /TP /analyze- /errorReport:prompt boarding_pass.cpp main.cpp schedule.cpp
         schedule.cpp
         Generating Code...
         Skipping... (no relevant changes detected)
         main.cpp
         boarding_pass.cpp
       Link:
         C:\Program Files (x86)\Microsoft Visual Studio 12.0\VC\bin\link.exe /ERRORREPORT:PROMPT /OUT:"C:\Users\Rukhsana\Desktop\ood project\project\Debug\project.exe" /INCREMENTAL /NOLOGO kernel32.lib user32.lib gdi32.lib winspool.lib comdlg32.lib advapi32.lib shell32.lib ole32.lib oleaut32.lib uuid.lib odbc32.lib odbccp32.lib /MANIFEST /MANIFESTUAC:"level='asInvoker' uiAccess='false'" /manifest:embed /DEBUG /PDB:"C:\Users\Rukhsana\Desktop\ood project\project\Debug\project.pdb" /SUBSYSTEM:CONSOLE /TLBID:1 /DYNAMICBASE /NXCOMPAT /IMPLIB:"C:\Users\Rukhsana\Desktop\ood project\project\Debug\project.lib" /MACHINE:X86 Debug\boarding_pass.obj
         Debug\customer.obj
         Debug\filing.obj
         Debug\main.obj
         Debug\person.obj
         Debug\schedule.obj
         project.vcxproj -> C:\Users\Rukhsana\Desktop\ood project\project\Debug\project.exe
     1>Done Building Project "C:\Users\Rukhsana\Desktop\ood project\project\project\project.vcxproj" (Build target(s)).

Build succeeded.

Time Elapsed 00:00:00.88
